# JRE version: Java(TM) SE Runtime Environment (21.0.5+9) (build 21.0.5+9-LTS-239)
# Java VM: Java HotSpot(TM) 64-Bit Server VM (21.0.5+9-LTS-239, mixed mode, emulated-client, sharing, tiered, compressed oops, compressed class ptrs, g1 gc, windows-amd64)
GC Precious Log:
 CardTable entry size: 512
 Card Set container configuration: InlinePtr #cards 5 size 8 Array Of Cards #cards 12 size 40 Howl #buckets 4 coarsen threshold 1843 Howl Bitmap #cards 512 size 80 coarsen threshold 460 Card regions per heap region 1 cards per card region 2048
 CPUs: 12 total, 12 available
 Memory: 6005M
 Large Page Support: Disabled
 NUMA Support: Disabled
 Compressed Oops: Enabled (32-bit)
 Heap Region Size: 1M
 Heap Min Capacity: 8M
 Heap Initial Capacity: 94M
 Heap Max Capacity: 1502M
 Pre-touch: Disabled
 Parallel Workers: 10
 Concurrent Workers: 3
 Concurrent Refinement Workers: 10
 Periodic GC: Disabled
Heap:
 garbage-first heap   total 68608K, used 40732K [0x00000000a2200000, 0x0000000100000000)
  region size 1024K, 3 young (3072K), 2 survivors (2048K)
 Metaspace       used 84690K, committed 85952K, reserved 1179648K
  class space    used 12319K, committed 12800K, reserved 1048576K
GC Heap History (20 events):
Event: 22.762 GC heap before
{Heap before GC invocations=15 (full 0):
 garbage-first heap   total 66560K, used 59888K [0x00000000a2200000, 0x0000000100000000)
  region size 1024K, 32 young (32768K), 2 survivors (2048K)
 Metaspace       used 63605K, committed 64320K, reserved 1114112K
  class space    used 9142K, committed 9472K, reserved 1048576K
}
Event: 22.764 GC heap after
{Heap after GC invocations=16 (full 0):
 garbage-first heap   total 66560K, used 29885K [0x00000000a2200000, 0x0000000100000000)
  region size 1024K, 3 young (3072K), 3 survivors (3072K)
 Metaspace       used 63605K, committed 64320K, reserved 1114112K
  class space    used 9142K, committed 9472K, reserved 1048576K
}
Event: 23.336 GC heap before
{Heap before GC invocations=16 (full 0):
 garbage-first heap   total 66560K, used 58557K [0x00000000a2200000, 0x0000000100000000)
  region size 1024K, 31 young (31744K), 3 survivors (3072K)
 Metaspace       used 68572K, committed 69248K, reserved 1114112K
  class space    used 9782K, committed 10112K, reserved 1048576K
}
Event: 23.341 GC heap after
{Heap after GC invocations=17 (full 0):
 garbage-first heap   total 66560K, used 32204K [0x00000000a2200000, 0x0000000100000000)
  region size 1024K, 4 young (4096K), 4 survivors (4096K)
 Metaspace       used 68572K, committed 69248K, reserved 1114112K
  class space    used 9782K, committed 10112K, reserved 1048576K
}
Event: 23.675 GC heap before
{Heap before GC invocations=17 (full 0):
 garbage-first heap   total 66560K, used 57804K [0x00000000a2200000, 0x0000000100000000)
  region size 1024K, 29 young (29696K), 4 survivors (4096K)
 Metaspace       used 70814K, committed 71552K, reserved 1114112K
  class space    used 10260K, committed 10560K, reserved 1048576K
}
Event: 23.679 GC heap after
{Heap after GC invocations=18 (full 0):
 garbage-first heap   total 66560K, used 34427K [0x00000000a2200000, 0x0000000100000000)
  region size 1024K, 3 young (3072K), 3 survivors (3072K)
 Metaspace       used 70814K, committed 71552K, reserved 1114112K
  class space    used 10260K, committed 10560K, reserved 1048576K
}
Event: 23.933 GC heap before
{Heap before GC invocations=18 (full 0):
 garbage-first heap   total 66560K, used 56955K [0x00000000a2200000, 0x0000000100000000)
  region size 1024K, 26 young (26624K), 3 survivors (3072K)
 Metaspace       used 74090K, committed 74816K, reserved 1114112K
  class space    used 10844K, committed 11136K, reserved 1048576K
}
Event: 23.935 GC heap after
{Heap after GC invocations=19 (full 0):
 garbage-first heap   total 66560K, used 35463K [0x00000000a2200000, 0x0000000100000000)
  region size 1024K, 4 young (4096K), 4 survivors (4096K)
 Metaspace       used 74090K, committed 74816K, reserved 1114112K
  class space    used 10844K, committed 11136K, reserved 1048576K
}
Event: 24.308 GC heap before
{Heap before GC invocations=20 (full 0):
 garbage-first heap   total 66560K, used 56967K [0x00000000a2200000, 0x0000000100000000)
  region size 1024K, 25 young (25600K), 4 survivors (4096K)
 Metaspace       used 76099K, committed 76864K, reserved 1179648K
  class space    used 11225K, committed 11520K, reserved 1048576K
}
Event: 24.311 GC heap after
{Heap after GC invocations=21 (full 0):
 garbage-first heap   total 66560K, used 36803K [0x00000000a2200000, 0x0000000100000000)
  region size 1024K, 3 young (3072K), 3 survivors (3072K)
 Metaspace       used 76099K, committed 76864K, reserved 1179648K
  class space    used 11225K, committed 11520K, reserved 1048576K
}
Event: 24.672 GC heap before
{Heap before GC invocations=21 (full 0):
 garbage-first heap   total 66560K, used 59331K [0x00000000a2200000, 0x0000000100000000)
  region size 1024K, 25 young (25600K), 3 survivors (3072K)
 Metaspace       used 78254K, committed 78976K, reserved 1179648K
  class space    used 11529K, committed 11840K, reserved 1048576K
}
Event: 24.676 GC heap after
{Heap after GC invocations=22 (full 0):
 garbage-first heap   total 66560K, used 37781K [0x00000000a2200000, 0x0000000100000000)
  region size 1024K, 3 young (3072K), 3 survivors (3072K)
 Metaspace       used 78254K, committed 78976K, reserved 1179648K
  class space    used 11529K, committed 11840K, reserved 1048576K
}
Event: 25.044 GC heap before
{Heap before GC invocations=22 (full 0):
 garbage-first heap   total 66560K, used 58261K [0x00000000a2200000, 0x0000000100000000)
  region size 1024K, 23 young (23552K), 3 survivors (3072K)
 Metaspace       used 80528K, committed 81344K, reserved 1179648K
  class space    used 11876K, committed 12224K, reserved 1048576K
}
Event: 25.048 GC heap after
{Heap after GC invocations=23 (full 0):
 garbage-first heap   total 66560K, used 39640K [0x00000000a2200000, 0x0000000100000000)
  region size 1024K, 3 young (3072K), 3 survivors (3072K)
 Metaspace       used 80528K, committed 81344K, reserved 1179648K
  class space    used 11876K, committed 12224K, reserved 1048576K
}
Event: 77.943 GC heap before
{Heap before GC invocations=24 (full 0):
 garbage-first heap   total 68608K, used 59096K [0x00000000a2200000, 0x0000000100000000)
  region size 1024K, 22 young (22528K), 3 survivors (3072K)
 Metaspace       used 84834K, committed 85760K, reserved 1179648K
  class space    used 12389K, committed 12800K, reserved 1048576K
}
Event: 78.214 GC heap after
{Heap after GC invocations=25 (full 0):
 garbage-first heap   total 68608K, used 40932K [0x00000000a2200000, 0x0000000100000000)
  region size 1024K, 2 young (2048K), 2 survivors (2048K)
 Metaspace       used 84834K, committed 85760K, reserved 1179648K
  class space    used 12389K, committed 12800K, reserved 1048576K
}
Event: 261.407 GC heap before
{Heap before GC invocations=25 (full 0):
 garbage-first heap   total 68608K, used 61412K [0x00000000a2200000, 0x0000000100000000)
  region size 1024K, 22 young (22528K), 2 survivors (2048K)
 Metaspace       used 85098K, committed 85952K, reserved 1179648K
  class space    used 12425K, committed 12800K, reserved 1048576K
}
Event: 261.466 GC heap after
{Heap after GC invocations=26 (full 0):
 garbage-first heap   total 68608K, used 40718K [0x00000000a2200000, 0x0000000100000000)
  region size 1024K, 2 young (2048K), 2 survivors (2048K)
 Metaspace       used 85098K, committed 85952K, reserved 1179648K
  class space    used 12425K, committed 12800K, reserved 1048576K
}
Event: 452.253 GC heap before
{Heap before GC invocations=26 (full 0):
 garbage-first heap   total 68608K, used 61198K [0x00000000a2200000, 0x0000000100000000)
  region size 1024K, 22 young (22528K), 2 survivors (2048K)
 Metaspace       used 85098K, committed 85952K, reserved 1179648K
  class space    used 12425K, committed 12800K, reserved 1048576K
}
Event: 452.302 GC heap after
{Heap after GC invocations=27 (full 0):
 garbage-first heap   total 68608K, used 40732K [0x00000000a2200000, 0x0000000100000000)
  region size 1024K, 2 young (2048K), 2 survivors (2048K)
 Metaspace       used 85098K, committed 85952K, reserved 1179648K
  class space    used 12425K, committed 12800K, reserved 1048576K
}

