[INFO] Scanning for projects...
[INFO] 
[INFO] ----------------------< esiea.hackathon:leaders >-----------------------
[INFO] Building Leaders 0.0.1-SNAPSHOT
[INFO]   from pom.xml
[INFO] --------------------------------[ jar ]---------------------------------
[INFO] 
[INFO] --- maven-clean-plugin:3.5.0:clean (default-clean) @ leaders ---
[INFO] Deleting C:\Users\Anthony\Desktop\Code\hackathon-zefallk\backend\target
[INFO] 
[INFO] --- maven-resources-plugin:3.3.1:resources (default-resources) @ leaders ---
[INFO] Copying 1 resource from src\main\resources to target\classes
[INFO] Copying 2 resources from src\main\resources to target\classes
[INFO] 
[INFO] --- maven-compiler-plugin:3.14.1:compile (default-compile) @ leaders ---
[INFO] Recompiling the module because of changed source code.
[INFO] Compiling 108 source files with javac [debug parameters release 21] to target\classes
[INFO] -------------------------------------------------------------
[WARNING] COMPILATION WARNING : 
[INFO] -------------------------------------------------------------
[WARNING] /C:/Users/Anthony/Desktop/Code/hackathon-zefallk/backend/src/main/java/esiea/hackathon/leaders/domain/model/PieceEntity.java:[18,21] @Builder will ignore the initializing expression entirely. If you want the initializing expression to serve as default, add @Builder.Default. If it is not supposed to be settable during building, make the field final.
[INFO] 1 warning
[INFO] -------------------------------------------------------------
[INFO] -------------------------------------------------------------
[ERROR] COMPILATION ERROR : 
[INFO] -------------------------------------------------------------
[ERROR] /C:/Users/Anthony/Desktop/Code/hackathon-zefallk/backend/src/main/java/esiea/hackathon/leaders/infrastructure/controller/WebSocketController.java:[30,55] method createSession in class esiea.hackathon.leaders.usecase.CreateGameSessionUseCase cannot be applied to given types;
  required: boolean
  found:    no arguments
  reason: actual and formal argument lists differ in length
[ERROR] /C:/Users/Anthony/Desktop/Code/hackathon-zefallk/backend/src/main/java/esiea/hackathon/leaders/infrastructure/repository/InMemorySessionRepository.java:[12,8] esiea.hackathon.leaders.infrastructure.repository.InMemorySessionRepository is not abstract and does not override abstract method findByCode(java.lang.String) in esiea.hackathon.leaders.domain.SessionRepository
[INFO] 2 errors 
[INFO] -------------------------------------------------------------
[INFO] ------------------------------------------------------------------------
[INFO] BUILD FAILURE
[INFO] ------------------------------------------------------------------------
[INFO] Total time:  5.579 s
[INFO] Finished at: 2026-02-05T19:14:50+01:00
[INFO] ------------------------------------------------------------------------
[ERROR] Failed to execute goal org.apache.maven.plugins:maven-compiler-plugin:3.14.1:compile (default-compile) on project leaders: Compilation failure: Compilation failure: 
[ERROR] /C:/Users/Anthony/Desktop/Code/hackathon-zefallk/backend/src/main/java/esiea/hackathon/leaders/infrastructure/controller/WebSocketController.java:[30,55] method createSession in class esiea.hackathon.leaders.usecase.CreateGameSessionUseCase cannot be applied to given types;
[ERROR]   required: boolean
[ERROR]   found:    no arguments
[ERROR]   reason: actual and formal argument lists differ in length
[ERROR] /C:/Users/Anthony/Desktop/Code/hackathon-zefallk/backend/src/main/java/esiea/hackathon/leaders/infrastructure/repository/InMemorySessionRepository.java:[12,8] esiea.hackathon.leaders.infrastructure.repository.InMemorySessionRepository is not abstract and does not override abstract method findByCode(java.lang.String) in esiea.hackathon.leaders.domain.SessionRepository
[ERROR] -> [Help 1]
[ERROR] 
[ERROR] To see the full stack trace of the errors, re-run Maven with the -e switch.
[ERROR] Re-run Maven using the -X switch to enable full debug logging.
[ERROR] 
[ERROR] For more information about the errors and possible solutions, please read the following articles:
[ERROR] [Help 1] http://cwiki.apache.org/confluence/display/MAVEN/MojoFailureException
