[INFO] Scanning for projects...
[INFO] 
[INFO] ----------------------< esiea.hackathon:leaders >-----------------------
[INFO] Building Leaders 0.0.1-SNAPSHOT
[INFO]   from pom.xml
[INFO] --------------------------------[ jar ]---------------------------------
[INFO] 
[INFO] --- maven-clean-plugin:3.5.0:clean (default-clean) @ leaders ---
[INFO] Deleting C:\Users\Anthony\Desktop\Code\hackathon-zefallk\backend\target
[INFO] 
[INFO] --- maven-resources-plugin:3.3.1:resources (default-resources) @ leaders ---
[INFO] Copying 1 resource from src\main\resources to target\classes
[INFO] Copying 2 resources from src\main\resources to target\classes
[INFO] 
[INFO] --- maven-compiler-plugin:3.14.1:compile (default-compile) @ leaders ---
[INFO] Recompiling the module because of changed source code.
[INFO] Compiling 108 source files with javac [debug parameters release 21] to target\classes
[INFO] -------------------------------------------------------------
[WARNING] COMPILATION WARNING : 
[INFO] -------------------------------------------------------------
[WARNING] /C:/Users/Anthony/Desktop/Code/hackathon-zefallk/backend/src/main/java/esiea/hackathon/leaders/domain/model/PieceEntity.java:[18,21] @Builder will ignore the initializing expression entirely. If you want the initializing expression to serve as default, add @Builder.Default. If it is not supposed to be settable during building, make the field final.
[INFO] 1 warning
[INFO] -------------------------------------------------------------
[INFO] -------------------------------------------------------------
[ERROR] COMPILATION ERROR : 
[INFO] -------------------------------------------------------------
[ERROR] /C:/Users/Anthony/Desktop/Code/hackathon-zefallk/backend/src/main/java/esiea/hackathon/leaders/infrastructure/config/ApplicationConfig.java:[14,12] cannot find symbol
  symbol:   class MatchmakingUseCase
  location: class esiea.hackathon.leaders.infrastructure.config.ApplicationConfig
[ERROR] /C:/Users/Anthony/Desktop/Code/hackathon-zefallk/backend/src/main/java/esiea/hackathon/leaders/infrastructure/config/ApplicationConfig.java:[20,12] cannot find symbol
  symbol:   class JoinPrivateSessionUseCase
  location: class esiea.hackathon.leaders.infrastructure.config.ApplicationConfig
[INFO] 2 errors 
[INFO] -------------------------------------------------------------
[INFO] ------------------------------------------------------------------------
[INFO] BUILD FAILURE
[INFO] ------------------------------------------------------------------------
[INFO] Total time:  4.216 s
[INFO] Finished at: 2026-02-05T19:13:56+01:00
[INFO] ------------------------------------------------------------------------
[ERROR] Failed to execute goal org.apache.maven.plugins:maven-compiler-plugin:3.14.1:compile (default-compile) on project leaders: Compilation failure: Compilation failure: 
[ERROR] /C:/Users/Anthony/Desktop/Code/hackathon-zefallk/backend/src/main/java/esiea/hackathon/leaders/infrastructure/config/ApplicationConfig.java:[14,12] cannot find symbol
[ERROR]   symbol:   class MatchmakingUseCase
[ERROR]   location: class esiea.hackathon.leaders.infrastructure.config.ApplicationConfig
[ERROR] /C:/Users/Anthony/Desktop/Code/hackathon-zefallk/backend/src/main/java/esiea/hackathon/leaders/infrastructure/config/ApplicationConfig.java:[20,12] cannot find symbol
[ERROR]   symbol:   class JoinPrivateSessionUseCase
[ERROR]   location: class esiea.hackathon.leaders.infrastructure.config.ApplicationConfig
[ERROR] -> [Help 1]
[ERROR] 
[ERROR] To see the full stack trace of the errors, re-run Maven with the -e switch.
[ERROR] Re-run Maven using the -X switch to enable full debug logging.
[ERROR] 
[ERROR] For more information about the errors and possible solutions, please read the following articles:
[ERROR] [Help 1] http://cwiki.apache.org/confluence/display/MAVEN/MojoFailureException
