<?xml version="1.0" encoding="UTF-8"?>
<testsuite xmlns:xsi="http://www.w3.org/2001/XMLSchema-instance" xsi:noNamespaceSchemaLocation="https://maven.apache.org/surefire/maven-surefire-plugin/xsd/surefire-test-report.xsd" version="3.0.2" name="esiea.hackathon.leaders.ReproduceGameMoveIT" time="10.309" tests="1" errors="0" skipped="0" failures="0">
  <properties>
[...]
</properties>
  <testcase name="movePiece_ShouldBroadcastUpdate" classname="esiea.hackathon.leaders.ReproduceGameMoveIT" time="1.03">
    <system-out><![CDATA[01:09:27.485 [main] INFO org.springframework.boot.test.context.SpringBootTestContextBootstrapper -- Found @SpringBootConfiguration esiea.hackathon.leaders.LeadersApplication for test class esiea.hackathon.leaders.ReproduceGameMoveIT
01:09:27.714 [main] INFO org.springframework.boot.devtools.restart.RestartApplicationListener -- Restart disabled due to context in which it is running

  .   ____          _            __ _ _
 /\\ / ___'_ __ _ _(_)_ __  __ _ \ \ \ \
( ( )\___ | '_ | '_| | '_ \/ _` | \ \ \ \
 \\/  ___)| |_)| | | | | || (_| |  ) ) ) )
  '  |____| .__|_| |_|_| |_\__, | / / / /
 =========|_|==============|___/=/_/_/_/

 :: Spring Boot ::                (v4.0.2)

2026-02-06T01:09:27.988+01:00  INFO 39492 --- [Leaders] [           main] e.hackathon.leaders.ReproduceGameMoveIT  : Starting ReproduceGameMoveIT using Java 21.0.4 with PID 39492 (started by Anthony in C:\Users\Anthony\Desktop\Code\hackathon-zefallk\backend)
2026-02-06T01:09:27.989+01:00  INFO 39492 --- [Leaders] [           main] e.hackathon.leaders.ReproduceGameMoveIT  : The following 1 profile is active: "test"
2026-02-06T01:09:29.044+01:00  INFO 39492 --- [Leaders] [           main] .s.d.r.c.RepositoryConfigurationDelegate : Multiple Spring Data modules found, entering strict repository configuration mode
2026-02-06T01:09:29.047+01:00  INFO 39492 --- [Leaders] [           main] .s.d.r.c.RepositoryConfigurationDelegate : Bootstrapping Spring Data JDBC repositories in DEFAULT mode.
2026-02-06T01:09:29.098+01:00  INFO 39492 --- [Leaders] [           main] .RepositoryConfigurationExtensionSupport : Spring Data JDBC - Could not safely identify store assignment for repository candidate interface esiea.hackathon.leaders.adapter.infrastructure.repository.RecruitmentCardJpaRepository; If you want this repository to be a JDBC repository, consider annotating your entities with one of these annotations: org.springframework.data.relational.core.mapping.Table.
2026-02-06T01:09:29.101+01:00  INFO 39492 --- [Leaders] [           main] .RepositoryConfigurationExtensionSupport : Spring Data JDBC - Could not safely identify store assignment for repository candidate interface esiea.hackathon.leaders.adapter.infrastructure.repository.SpringGameRepository; If you want this repository to be a JDBC repository, consider annotating your entities with one of these annotations: org.springframework.data.relational.core.mapping.Table.
2026-02-06T01:09:29.103+01:00  INFO 39492 --- [Leaders] [           main] .RepositoryConfigurationExtensionSupport : Spring Data JDBC - Could not safely identify store assignment for repository candidate interface esiea.hackathon.leaders.adapter.infrastructure.repository.SpringPieceRepository; If you want this repository to be a JDBC repository, consider annotating your entities with one of these annotations: org.springframework.data.relational.core.mapping.Table.
2026-02-06T01:09:29.104+01:00  INFO 39492 --- [Leaders] [           main] .RepositoryConfigurationExtensionSupport : Spring Data JDBC - Could not safely identify store assignment for repository candidate interface esiea.hackathon.leaders.adapter.infrastructure.repository.SpringRefCharacterRepository; If you want this repository to be a JDBC repository, consider annotating your entities with one of these annotations: org.springframework.data.relational.core.mapping.Table.
2026-02-06T01:09:29.105+01:00  INFO 39492 --- [Leaders] [           main] .RepositoryConfigurationExtensionSupport : Spring Data JDBC - Could not safely identify store assignment for repository candidate interface esiea.hackathon.leaders.domain.repository.UserCredentialsRepository; If you want this repository to be a JDBC repository, consider annotating your entities with one of these annotations: org.springframework.data.relational.core.mapping.Table.
2026-02-06T01:09:29.105+01:00  INFO 39492 --- [Leaders] [           main] .s.d.r.c.RepositoryConfigurationDelegate : Finished Spring Data repository scanning in 51 ms. Found 0 JDBC repository interfaces.
2026-02-06T01:09:29.118+01:00  INFO 39492 --- [Leaders] [           main] .s.d.r.c.RepositoryConfigurationDelegate : Multiple Spring Data modules found, entering strict repository configuration mode
2026-02-06T01:09:29.119+01:00  INFO 39492 --- [Leaders] [           main] .s.d.r.c.RepositoryConfigurationDelegate : Bootstrapping Spring Data JPA repositories in DEFAULT mode.
2026-02-06T01:09:29.308+01:00  INFO 39492 --- [Leaders] [           main] .s.d.r.c.RepositoryConfigurationDelegate : Finished Spring Data repository scanning in 180 ms. Found 5 JPA repository interfaces.
2026-02-06T01:09:29.830+01:00  INFO 39492 --- [Leaders] [           main] com.zaxxer.hikari.HikariDataSource       : HikariPool-1 - Starting...
2026-02-06T01:09:30.105+01:00  INFO 39492 --- [Leaders] [           main] com.zaxxer.hikari.pool.HikariPool        : HikariPool-1 - Added connection org.postgresql.jdbc.PgConnection@402d6012
2026-02-06T01:09:30.107+01:00  INFO 39492 --- [Leaders] [           main] com.zaxxer.hikari.HikariDataSource       : HikariPool-1 - Start completed.
2026-02-06T01:09:30.956+01:00  INFO 39492 --- [Leaders] [           main] org.hibernate.orm.jpa                    : HHH008540: Processing PersistenceUnitInfo [name: default]
2026-02-06T01:09:31.067+01:00  INFO 39492 --- [Leaders] [           main] org.hibernate.orm.core                   : HHH000001: Hibernate ORM core version 7.2.1.Final
2026-02-06T01:09:31.712+01:00  INFO 39492 --- [Leaders] [           main] o.s.o.j.p.SpringPersistenceUnitInfo      : No LoadTimeWeaver setup: ignoring JPA class transformer
2026-02-06T01:09:31.817+01:00  INFO 39492 --- [Leaders] [           main] org.hibernate.orm.connections.pooling    : HHH10001005: Database info:
	Database JDBC URL [jdbc:postgresql://localhost:5432/leaders_db]
	Database driver: PostgreSQL JDBC Driver
	Database dialect: PostgreSQLDialect
	Database version: 15.15
	Default catalog/schema: leaders_db/public
	Autocommit mode: undefined/unknown
	Isolation level: READ_COMMITTED [default READ_COMMITTED]
	JDBC fetch size: none
	Pool: DataSourceConnectionProvider
	Minimum pool size: undefined/unknown
	Maximum pool size: undefined/unknown
2026-02-06T01:09:32.982+01:00  INFO 39492 --- [Leaders] [           main] org.hibernate.orm.core                   : HHH000489: No JTA platform available (set 'hibernate.transaction.jta.platform' to enable JTA platform integration)
2026-02-06T01:09:32.990+01:00  INFO 39492 --- [Leaders] [           main] j.LocalContainerEntityManagerFactoryBean : Initialized JPA EntityManagerFactory for persistence unit 'default'
2026-02-06T01:09:33.103+01:00  INFO 39492 --- [Leaders] [           main] o.s.d.j.r.query.QueryEnhancerFactories   : Hibernate is in classpath; If applicable, HQL parser will be used.
2026-02-06T01:09:34.625+01:00  WARN 39492 --- [Leaders] [           main] JpaBaseConfiguration$JpaWebConfiguration : spring.jpa.open-in-view is enabled by default. Therefore, database queries may be performed during view rendering. Explicitly configure spring.jpa.open-in-view to disable this warning
2026-02-06T01:09:34.792+01:00  INFO 39492 --- [Leaders] [           main] o.s.b.w.a.WelcomePageHandlerMapping      : Adding welcome page: class path resource [static/index.html]
2026-02-06T01:09:36.196+01:00  INFO 39492 --- [Leaders] [           main] o.s.m.s.b.SimpleBrokerMessageHandler     : Starting...
2026-02-06T01:09:36.196+01:00  INFO 39492 --- [Leaders] [           main] o.s.m.s.b.SimpleBrokerMessageHandler     : BrokerAvailabilityEvent[available=true, SimpleBrokerMessageHandler [org.springframework.messaging.simp.broker.DefaultSubscriptionRegistry@3b3fa4c0]]
2026-02-06T01:09:36.198+01:00  INFO 39492 --- [Leaders] [           main] o.s.m.s.b.SimpleBrokerMessageHandler     : Started.
2026-02-06T01:09:36.205+01:00  INFO 39492 --- [Leaders] [           main] e.hackathon.leaders.ReproduceGameMoveIT  : Started ReproduceGameMoveIT in 8.504 seconds (process running for 10.743)
Hibernate: 
    select
        gje1_0.id,
        gje1_0.banishment_count,
        gje1_0.current_player_index,
        gje1_0.mode,
        gje1_0.phase,
        gje1_0.status,
        gje1_0.turn_number,
        gje1_0.winner_player_index,
        gje1_0.winner_victory_type,
        c1_0.game_id,
        c1_0.id,
        c1_0.banned_by_index,
        c1_0.character_id,
        c2_0.id,
        c2_0.description,
        c2_0.is_leader,
        c2_0.name,
        c2_0.recruitment_slots,
        c1_0.deck_order,
        c1_0.recruited_by_index,
        c1_0.state,
        c1_0.visible_slot 
    from
        game gje1_0 
    left join
        recruitment_card c1_0 
            on gje1_0.id=c1_0.game_id 
    left join
        ref_character c2_0 
            on c2_0.id=c1_0.character_id 
    where
        gje1_0.id=?
Hibernate: 
    insert 
    into
        game
        (banishment_count, current_player_index, mode, phase, status, turn_number, winner_player_index, winner_victory_type, id) 
    values
        (?, ?, ?, ?, ?, ?, ?, ?, ?)
Hibernate: 
    select
        null,
        rcje1_0.description,
        rcje1_0.is_leader,
        rcje1_0.name,
        rcje1_0.recruitment_slots 
    from
        ref_character rcje1_0 
    where
        rcje1_0.id=?
Hibernate: 
    insert 
    into
        piece
        (character_id, game_id, has_acted_this_turn, owner_index, q, r, id) 
    values
        (?, ?, ?, ?, ?, ?, ?)
Hibernate: 
    select
        pje1_0.id,
        pje1_0.character_id,
        c1_0.id,
        a1_0.character_id,
        a1_1.id,
        a1_1.ability_type,
        a1_1.description,
        a1_1.name,
        c1_0.description,
        c1_0.is_leader,
        c1_0.name,
        c1_0.recruitment_slots,
        pje1_0.game_id,
        pje1_0.has_acted_this_turn,
        pje1_0.owner_index,
        pje1_0.q,
        pje1_0.r 
    from
        piece pje1_0 
    join
        ref_character c1_0 
            on c1_0.id=pje1_0.character_id 
    left join
        ref_character_ability a1_0 
            on c1_0.id=a1_0.character_id 
    left join
        ability a1_1 
            on a1_1.id=a1_0.ability_id 
    where
        pje1_0.id=?
Hibernate: 
    select
        gje1_0.id,
        gje1_0.banishment_count,
        gje1_0.current_player_index,
        gje1_0.mode,
        gje1_0.phase,
        gje1_0.status,
        gje1_0.turn_number,
        gje1_0.winner_player_index,
        gje1_0.winner_victory_type 
    from
        game gje1_0 
    where
        gje1_0.id=?
Hibernate: 
    select
        pje1_0.id,
        pje1_0.character_id,
        pje1_0.game_id,
        pje1_0.has_acted_this_turn,
        pje1_0.owner_index,
        pje1_0.q,
        pje1_0.r 
    from
        piece pje1_0 
    where
        pje1_0.game_id=?
Hibernate: 
    update
        piece 
    set
        character_id=?,
        game_id=?,
        has_acted_this_turn=?,
        owner_index=?,
        q=?,
        r=? 
    where
        id=?
DEBUG: Fetching game state for ID: 67ba43a5-8094-4678-b93d-07d73cc5bf45
Hibernate: 
    select
        gje1_0.id,
        gje1_0.banishment_count,
        gje1_0.current_player_index,
        gje1_0.mode,
        gje1_0.phase,
        gje1_0.status,
        gje1_0.turn_number,
        gje1_0.winner_player_index,
        gje1_0.winner_victory_type 
    from
        game gje1_0 
    where
        gje1_0.id=?
Hibernate: 
    select
        pje1_0.id,
        pje1_0.character_id,
        pje1_0.game_id,
        pje1_0.has_acted_this_turn,
        pje1_0.owner_index,
        pje1_0.q,
        pje1_0.r 
    from
        piece pje1_0 
    where
        pje1_0.game_id=?
Hibernate: 
    select
        rcje1_0.id,
        a1_0.character_id,
        a1_1.id,
        a1_1.ability_type,
        a1_1.description,
        a1_1.name,
        rcje1_0.description,
        rcje1_0.is_leader,
        rcje1_0.name,
        rcje1_0.recruitment_slots 
    from
        ref_character rcje1_0 
    left join
        ref_character_ability a1_0 
            on rcje1_0.id=a1_0.character_id 
    left join
        ability a1_1 
            on a1_1.id=a1_0.ability_id 
    where
        rcje1_0.id=?
Hibernate: 
    select
        rcje1_0.id,
        rcje1_0.banned_by_index,
        rcje1_0.character_id,
        rcje1_0.deck_order,
        rcje1_0.game_id,
        rcje1_0.recruited_by_index,
        rcje1_0.state,
        rcje1_0.visible_slot 
    from
        recruitment_card rcje1_0 
    where
        rcje1_0.game_id=?
]]></system-out>
    <system-err><![CDATA[Mockito is currently self-attaching to enable the inline-mock-maker. This will no longer work in future releases of the JDK. Please add Mockito as an agent to your build as described in Mockito's documentation: https://javadoc.io/doc/org.mockito/mockito-core/latest/org.mockito/org/mockito/Mockito.html#0.3
WARNING: A Java agent has been loaded dynamically (C:\Users\Anthony\.m2\repository\net\bytebuddy\byte-buddy-agent\1.17.8\byte-buddy-agent-1.17.8.jar)
WARNING: If a serviceability tool is in use, please run with -XX:+EnableDynamicAgentLoading to hide this warning
WARNING: If a serviceability tool is not in use, please run with -Djdk.instrument.traceUsage for more information
WARNING: Dynamic loading of agents will be disallowed by default in a future release
]]></system-err>
  </testcase>
</testsuite>